<?xml version="1.0" encoding="UTF-8"?>
<!-- Generated by org.testng.reporters.JUnitXMLReporter -->
<testsuite hostname="SKAR1201142" ignored="0" name="Default test" tests="2" failures="0" timestamp="2020-03-26T11:40:01 BRT" time="43.409" errors="0">
  <testcase name="LoginCOMSucesso" time="6.432" classname="br.com.RsiHub3.ProjetoWebTDD.TestNG.TesteLogin"/>
  <testcase name="TesteLoginSEMSucesso" time="6.048" classname="br.com.RsiHub3.ProjetoWebTDD.TestNG.TesteLogin"/>
</testsuite> <!-- Default test -->
