<?xml version="1.0" encoding="UTF-8"?>
<!-- Generated by org.testng.reporters.JUnitXMLReporter -->
<testsuite hostname="SKAR1201142" ignored="0" name="Default test" tests="2" failures="0" timestamp="2020-03-25T15:51:48 BRT" time="60.546" errors="0">
  <testcase name="PreencherCadastroCOMSucesso" time="19.044" classname="br.com.RsiHub3.ProjetoWebTDD.TestNG.TestCadastroNG"/>
  <testcase name="PreencherCadastroSEMSucesso" time="16.698" classname="br.com.RsiHub3.ProjetoWebTDD.TestNG.TestCadastroNG"/>
</testsuite> <!-- Default test -->
