<?xml version="1.0" encoding="UTF-8"?>
<testng-results skipped="0" failed="0" ignored="0" total="2" passed="2">
  <reporter-output>
  </reporter-output>
  <suite name="Default suite" duration-ms="35557" started-at="2020-03-31T15:32:36 BRT" finished-at="2020-03-31T15:33:12 BRT">
    <groups>
    </groups>
    <test name="Default test" duration-ms="35557" started-at="2020-03-31T15:32:36 BRT" finished-at="2020-03-31T15:33:12 BRT">
      <class name="br.com.RsiHub3.ProjetoWebTDD.TestNG.TesteLogin">
        <test-method status="PASS" signature="setUpReport()[pri:0, instance:br.com.RsiHub3.ProjetoWebTDD.TestNG.TesteLogin@12028586]" name="setUpReport" is-config="true" duration-ms="79" started-at="2020-03-31T15:32:36 BRT" finished-at="2020-03-31T15:32:36 BRT">
          <reporter-output>
          </reporter-output>
        </test-method> <!-- setUpReport -->
        <test-method status="PASS" signature="SetUp()[pri:0, instance:br.com.RsiHub3.ProjetoWebTDD.TestNG.TesteLogin@12028586]" name="SetUp" is-config="true" duration-ms="15442" started-at="2020-03-31T15:32:36 BRT" finished-at="2020-03-31T15:32:52 BRT">
          <reporter-output>
          </reporter-output>
        </test-method> <!-- SetUp -->
        <test-method status="PASS" signature="LoginCOMSucesso()[pri:0, instance:br.com.RsiHub3.ProjetoWebTDD.TestNG.TesteLogin@12028586]" name="LoginCOMSucesso" duration-ms="1362" started-at="2020-03-31T15:32:52 BRT" finished-at="2020-03-31T15:32:53 BRT">
          <reporter-output>
          </reporter-output>
        </test-method> <!-- LoginCOMSucesso -->
        <test-method status="PASS" signature="tearDown(org.testng.ITestResult)[pri:0, instance:br.com.RsiHub3.ProjetoWebTDD.TestNG.TesteLogin@12028586]" name="tearDown" is-config="true" duration-ms="1549" started-at="2020-03-31T15:32:53 BRT" finished-at="2020-03-31T15:32:55 BRT">
          <params>
            <param index="0">
              <value>
                <![CDATA[[TestResult name=LoginCOMSucesso status=SUCCESS method=TesteLogin.LoginCOMSucesso()[pri:0, instance:br.com.RsiHub3.ProjetoWebTDD.TestNG.TesteLogin@12028586] output={null}]]]>
              </value>
            </param>
          </params>
          <reporter-output>
          </reporter-output>
        </test-method> <!-- tearDown -->
        <test-method status="PASS" signature="SetUp()[pri:0, instance:br.com.RsiHub3.ProjetoWebTDD.TestNG.TesteLogin@12028586]" name="SetUp" is-config="true" duration-ms="14703" started-at="2020-03-31T15:32:55 BRT" finished-at="2020-03-31T15:33:09 BRT">
          <reporter-output>
          </reporter-output>
        </test-method> <!-- SetUp -->
        <test-method status="PASS" signature="TesteLoginSEMSucesso()[pri:0, instance:br.com.RsiHub3.ProjetoWebTDD.TestNG.TesteLogin@12028586]" name="TesteLoginSEMSucesso" duration-ms="1236" started-at="2020-03-31T15:33:09 BRT" finished-at="2020-03-31T15:33:11 BRT">
          <reporter-output>
          </reporter-output>
        </test-method> <!-- TesteLoginSEMSucesso -->
        <test-method status="PASS" signature="tearDown(org.testng.ITestResult)[pri:0, instance:br.com.RsiHub3.ProjetoWebTDD.TestNG.TesteLogin@12028586]" name="tearDown" is-config="true" duration-ms="1240" started-at="2020-03-31T15:33:11 BRT" finished-at="2020-03-31T15:33:12 BRT">
          <params>
            <param index="0">
              <value>
                <![CDATA[[TestResult name=TesteLoginSEMSucesso status=SUCCESS method=TesteLogin.TesteLoginSEMSucesso()[pri:0, instance:br.com.RsiHub3.ProjetoWebTDD.TestNG.TesteLogin@12028586] output={null}]]]>
              </value>
            </param>
          </params>
          <reporter-output>
          </reporter-output>
        </test-method> <!-- tearDown -->
        <test-method status="PASS" signature="tearDownReport()[pri:0, instance:br.com.RsiHub3.ProjetoWebTDD.TestNG.TesteLogin@12028586]" name="tearDownReport" is-config="true" duration-ms="197" started-at="2020-03-31T15:33:12 BRT" finished-at="2020-03-31T15:33:12 BRT">
          <reporter-output>
          </reporter-output>
        </test-method> <!-- tearDownReport -->
      </class> <!-- br.com.RsiHub3.ProjetoWebTDD.TestNG.TesteLogin -->
    </test> <!-- Default test -->
  </suite> <!-- Default suite -->
</testng-results>
