<?xml version="1.0" encoding="UTF-8"?>
<testng-results skipped="0" failed="0" ignored="0" total="2" passed="2">
  <reporter-output>
  </reporter-output>
  <suite name="Default suite" duration-ms="27472" started-at="2020-03-25T10:03:42 BRT" finished-at="2020-03-25T10:04:10 BRT">
    <groups>
    </groups>
    <test name="Default test" duration-ms="27472" started-at="2020-03-25T10:03:42 BRT" finished-at="2020-03-25T10:04:10 BRT">
      <class name="br.com.RsiHub3.ProjetoWebTDD.TestNG.TesteLoginNG">
        <test-method status="PASS" signature="SetUp()[pri:0, instance:br.com.RsiHub3.ProjetoWebTDD.TestNG.TesteLoginNG@45afc369]" name="SetUp" is-config="true" duration-ms="10760" started-at="2020-03-25T10:03:42 BRT" finished-at="2020-03-25T10:03:53 BRT">
          <reporter-output>
          </reporter-output>
        </test-method> <!-- SetUp -->
        <test-method status="PASS" signature="LoginCOMSucesso()[pri:0, instance:br.com.RsiHub3.ProjetoWebTDD.TestNG.TesteLoginNG@45afc369]" name="LoginCOMSucesso" duration-ms="2402" started-at="2020-03-25T10:03:53 BRT" finished-at="2020-03-25T10:03:55 BRT">
          <reporter-output>
          </reporter-output>
        </test-method> <!-- LoginCOMSucesso -->
        <test-method status="PASS" signature="tearDown()[pri:0, instance:br.com.RsiHub3.ProjetoWebTDD.TestNG.TesteLoginNG@45afc369]" name="tearDown" is-config="true" duration-ms="920" started-at="2020-03-25T10:03:55 BRT" finished-at="2020-03-25T10:03:56 BRT">
          <reporter-output>
          </reporter-output>
        </test-method> <!-- tearDown -->
        <test-method status="PASS" signature="SetUp()[pri:0, instance:br.com.RsiHub3.ProjetoWebTDD.TestNG.TesteLoginNG@45afc369]" name="SetUp" is-config="true" duration-ms="10046" started-at="2020-03-25T10:03:56 BRT" finished-at="2020-03-25T10:04:06 BRT">
          <reporter-output>
          </reporter-output>
        </test-method> <!-- SetUp -->
        <test-method status="PASS" signature="TesteLoginSEMSucesso()[pri:0, instance:br.com.RsiHub3.ProjetoWebTDD.TestNG.TesteLoginNG@45afc369]" name="TesteLoginSEMSucesso" duration-ms="2126" started-at="2020-03-25T10:04:06 BRT" finished-at="2020-03-25T10:04:08 BRT">
          <reporter-output>
          </reporter-output>
        </test-method> <!-- TesteLoginSEMSucesso -->
        <test-method status="PASS" signature="tearDown()[pri:0, instance:br.com.RsiHub3.ProjetoWebTDD.TestNG.TesteLoginNG@45afc369]" name="tearDown" is-config="true" duration-ms="1185" started-at="2020-03-25T10:04:08 BRT" finished-at="2020-03-25T10:04:10 BRT">
          <reporter-output>
          </reporter-output>
        </test-method> <!-- tearDown -->
      </class> <!-- br.com.RsiHub3.ProjetoWebTDD.TestNG.TesteLoginNG -->
    </test> <!-- Default test -->
  </suite> <!-- Default suite -->
</testng-results>
